<?xml version="1.0" encoding="UTF-8"?>
<testsuite xmlns:xsi="http://www.w3.org/2001/XMLSchema-instance" xsi:noNamespaceSchemaLocation="https://maven.apache.org/surefire/maven-surefire-plugin/xsd/surefire-test-report.xsd" version="3.0.2" name="joao.GreetingResourceTest" time="1.376" tests="1" errors="1" skipped="0" failures="0">
  <properties>
[...]
</properties>
  <testcase name="testHelloEndpoint" classname="joao.GreetingResourceTest" time="0.011">
    <error message="java.lang.ExceptionInInitializerError" type="java.lang.RuntimeException"><![CDATA[java.lang.RuntimeException: java.lang.ExceptionInInitializerError
	at io.quarkus.test.junit.QuarkusTestExtension.throwBootFailureException(QuarkusTestExtension.java:668)
	at io.quarkus.test.junit.QuarkusTestExtension.interceptTestClassConstructor(QuarkusTestExtension.java:763)
	at java.base/java.util.Optional.orElseGet(Optional.java:364)
	at java.base/java.util.ArrayList.forEach(ArrayList.java:1596)
	at java.base/java.util.ArrayList.forEach(ArrayList.java:1596)
Caused by: java.lang.ExceptionInInitializerError
	at java.base/java.lang.Class.forName0(Native Method)
	at java.base/java.lang.Class.forName(Class.java:534)
	at java.base/java.lang.Class.forName(Class.java:513)
	at io.quarkus.runner.bootstrap.StartupActionImpl.run(StartupActionImpl.java:294)
	at io.quarkus.test.junit.QuarkusTestExtension.doJavaStart(QuarkusTestExtension.java:233)
	at io.quarkus.test.junit.QuarkusTestExtension.ensureStarted(QuarkusTestExtension.java:642)
	at io.quarkus.test.junit.QuarkusTestExtension.beforeAll(QuarkusTestExtension.java:687)
	... 1 more
Caused by: java.lang.RuntimeException: Failed to start quarkus
	at io.quarkus.runner.ApplicationImpl.<clinit>(Unknown Source)
	... 8 more
Caused by: org.hibernate.id.IdentifierGenerationException: Identity generation isn't supported for composite ids
	at org.hibernate.mapping.Component.buildIdentifierGenerator(Component.java:679)
	at org.hibernate.mapping.Component.createGenerator(Component.java:650)
	at org.hibernate.boot.internal.InFlightMetadataCollectorImpl.handleIdentifierValueBinding(InFlightMetadataCollectorImpl.java:2118)
	at org.hibernate.boot.internal.InFlightMetadataCollectorImpl.processExportableProducers(InFlightMetadataCollectorImpl.java:2094)
	at org.hibernate.boot.internal.InFlightMetadataCollectorImpl.buildMetadataInstance(InFlightMetadataCollectorImpl.java:2054)
	at org.hibernate.boot.model.process.spi.MetadataBuildingProcess.complete(MetadataBuildingProcess.java:228)
	at io.quarkus.hibernate.orm.runtime.boot.FastBootMetadataBuilder.build(FastBootMetadataBuilder.java:414)
	at io.quarkus.hibernate.orm.runtime.PersistenceUnitsHolder.createMetadata(PersistenceUnitsHolder.java:101)
	at io.quarkus.hibernate.orm.runtime.PersistenceUnitsHolder.constructMetadataAdvance(PersistenceUnitsHolder.java:73)
	at io.quarkus.hibernate.orm.runtime.PersistenceUnitsHolder.initializeJpa(PersistenceUnitsHolder.java:40)
	at io.quarkus.hibernate.orm.runtime.HibernateOrmRecorder$1.created(HibernateOrmRecorder.java:87)
	at io.quarkus.arc.runtime.ArcRecorder.initBeanContainer(ArcRecorder.java:87)
	at io.quarkus.runner.recorded.ArcProcessor$notifyBeanContainerListeners1304312071.deploy_0(Unknown Source)
	at io.quarkus.runner.recorded.ArcProcessor$notifyBeanContainerListeners1304312071.deploy(Unknown Source)
	... 9 more
]]></error>
    <system-out><![CDATA[2025-07-11 22:12:33,289 WARN  [io.qua.dep.configuration] (main) Configuration property 'quarkus.package.type' has been deprecated and replaced by: [quarkus.package.jar.enabled, quarkus.package.jar.type, quarkus.native.enabled, quarkus.native.sources-only]
2025-07-11 22:12:37,413 INFO  [org.hib.jpa.int.uti.LogHelper] (main) HHH000204: Processing PersistenceUnitInfo [name: <default>]
2025-07-11 22:12:37,668 INFO  [org.hib.Version] (main) HHH000412: Hibernate ORM core version 7.0.5.Final
2025-07-11 22:12:38,081 INFO  [org.hib.orm.con.pooling] (main) HHH10001005: Database info:
	Database JDBC URL [undefined/unknown]
	Database driver: undefined/unknown
	Database version: 13.0
	Autocommit mode: undefined/unknown
	Isolation level: <unknown>
	Pool: undefined/unknown
	Minimum pool size: undefined/unknown
	Maximum pool size: undefined/unknown
2025-07-11 22:12:38,439 WARN  [io.qua.config] (main) Unrecognized configuration key "quarkus.package.type" was provided; it will be ignored; verify that the dependency extension for this configuration is set or that you did not make a typo
]]></system-out>
  </testcase>
</testsuite>